        -:    0:Source:cardtest1.c
        -:    0:Graph:cardtest1.gcno
        -:    0:Data:cardtest1.gcda
        -:    0:Runs:1
        -:    0:Programs:1
        -:    1:#include "dominion.h"
        -:    2:#include "dominion_helpers.h"
        -:    3:#include <string.h>
        -:    4:#include <stdio.h>
        -:    5:#include <assert.h>
        -:    6:#include "rngs.h"
        -:    7:
        -:    8:int failureCount = 0;
        -:    9:
        -:   10:void assertTrue(int a, int b) {
       17:   11:    if (a == b) {
       15:   12:        printf("Test: PASSED\n");
       15:   13:    }
        -:   14:    else {
        2:   15:        printf("Test: FAILED\n");
        2:   16:        failureCount++;
        -:   17:    }
       17:   18:}
        -:   19:
        -:   20:
        -:   21:int main () {
        -:   22:    int i;
        1:   23:    int treasureCount = 0;
        1:   24:    int treasureCountOriginal = 0;
        1:   25:    int numbPlayers = 2;
        1:   26:    int player0 = 0;
        1:   27:    int player1 = 1;
        -:   28:    int card;
        -:   29:
        1:   30:    int handpos = 0;
        1:   31:    int choice1 = 0, choice2 = 0, choice3 = 0;
        1:   32:    int bonus = 0;
        -:   33:
        1:   34:    int k[10] = {adventurer, council_room, feast, gardens, mine,
        -:   35:               remodel, smithy, village, baron, great_hall};
        -:   36:
        1:   37:    int seed = 2000;
        -:   38:    struct gameState state, stateOriginal;
        -:   39:
        1:   40:    printf("Testing -> adventurerCard()\n");
        1:   41:    memset(&state,23,sizeof(struct gameState));
        1:   42:    memset(&stateOriginal,23,sizeof(struct gameState));
        1:   43:    initializeGame(numbPlayers, k, seed, &state);
        1:   44:    memcpy(&stateOriginal, &state, sizeof(struct gameState));
        -:   45:
        1:   46:    cardEffect(adventurer, choice1, choice2, choice3, &state, handpos, &bonus);
        -:   47:
        1:   48:    printf("\nPlayer0 gains 2 cards\n");
        1:   49:    assertTrue(state.handCount[player0],stateOriginal.handCount[player0]+2);
        -:   50:
       18:   51:    for (i = 0; i < state.handCount[player0]; i++) {
        8:   52:        card = state.hand[player0][i];
       10:   53:        if (card == copper || card == silver || card == gold) {
        7:   54:            treasureCount++;
        7:   55:        }
        8:   56:    }
        -:   57:
       12:   58:    for (i = 0; i < stateOriginal.handCount[player0]; i++) {
        5:   59:        card = stateOriginal.hand[player0][i];
        7:   60:        if (card == copper || card == silver || card == gold) {
        4:   61:            treasureCountOriginal++;
        4:   62:        }
        5:   63:    }
        -:   64:
        1:   65:    printf("\nPlayer0 gains 2 treasure cards\n");
        1:   66:    assertTrue(treasureCountOriginal+2,treasureCount);
        -:   67:
        1:   68:    printf("\nNo change to victory card piles\n");
        1:   69:    printf("Province Pile\n");
        1:   70:    assertTrue(state.supplyCount[province],stateOriginal.supplyCount[province]);
        1:   71:    printf("Duchy Pile\n");
        1:   72:    assertTrue(state.supplyCount[duchy],stateOriginal.supplyCount[duchy]);
        1:   73:    printf("Estate Pile\n");
        1:   74:    assertTrue(state.supplyCount[estate],stateOriginal.supplyCount[estate]);
        -:   75:
        1:   76:    printf("\nNo change to kingdom card piles\n");
       22:   77:    for (i = 0; i < 10; i++) {
       10:   78:        printf("checking card piles...\n");
       10:   79:        assertTrue(state.supplyCount[k[i]],stateOriginal.supplyCount[k[i]]);
       10:   80:    }
        -:   81:
        1:   82:    printf("\nPlayer1 was not affected\n");
        1:   83:    printf("Hand Count\n");
        1:   84:    assertTrue(state.handCount[player1],stateOriginal.handCount[player1]);
        1:   85:    printf("Deck Count\n");
        1:   86:    assertTrue(state.deckCount[player1],stateOriginal.deckCount[player1]);
        -:   87:
        1:   88:    if (failureCount) {
        1:   89:        printf("\nTEST FAILED\n");
        1:   90:        printf("Fails: %d\n",failureCount);
        1:   91:    }
        -:   92:    else {
    #####:   93:        printf("\nTEST SUCCESSFULLY COMPLETED\n\n");
        -:   94:    }
        -:   95:
        1:   96:    return 0;
        -:   97:}
