        -:    0:Source:cardtest4.c
        -:    0:Graph:cardtest4.gcno
        -:    0:Data:cardtest4.gcda
        -:    0:Runs:1
        -:    0:Programs:1
        -:    1:#include "dominion.h"
        -:    2:#include "dominion_helpers.h"
        -:    3:#include <string.h>
        -:    4:#include <stdio.h>
        -:    5:#include <assert.h>
        -:    6:#include "rngs.h"
        -:    7:
        -:    8:int failureCount = 0;
        -:    9:
        -:   10:void assertTrue(int a, int b) {
       18:   11:    if (a == b) {
       17:   12:        printf("Test: PASSED\n");
       17:   13:    }
        -:   14:    else {
        1:   15:        printf("Test: FAILED\n");
        1:   16:        failureCount++;
        -:   17:    }
       18:   18:}
        -:   19:
        -:   20:
        -:   21:int main () {
        -:   22:    int i;
        1:   23:    int numbPlayers = 2;
        1:   24:    int player0 = 0;
        1:   25:    int player1 = 1;
        -:   26:
        1:   27:    int handpos = 0;
        1:   28:    int choice1 = 0, choice2 = 0, choice3 = 0;
        1:   29:    int bonus = 0;
        -:   30:
        1:   31:    int k[10] = {adventurer, council_room, feast, gardens, mine,
        -:   32:               remodel, smithy, village, baron, great_hall};
        -:   33:
        1:   34:    int seed = 2000;
        -:   35:    struct gameState state, stateOriginal;
        -:   36:
        1:   37:    printf("Testing -> villageCard()\n");
        1:   38:    memset(&state,23,sizeof(struct gameState));
        1:   39:    memset(&stateOriginal,23,sizeof(struct gameState));
        1:   40:    initializeGame(numbPlayers, k, seed, &state);
        1:   41:    memcpy(&stateOriginal, &state, sizeof(struct gameState));
        -:   42:
        1:   43:    cardEffect(village, choice1, choice2, choice3, &state, handpos, &bonus);
        -:   44:
        1:   45:    printf("\nPlayer0 gains 1 card\n");
        1:   46:    assertTrue(state.handCount[player0],stateOriginal.handCount[player0]);
        -:   47:
        1:   48:    printf("\nPlayer0 gains 1 card from his own pile\n");
        1:   49:    assertTrue(state.deckCount[player0],stateOriginal.deckCount[player0]-1);
        -:   50:
        1:   51:    printf("\nPlayer0 gains two actions\n");
        1:   52:    assertTrue(state.numActions,stateOriginal.numActions+2);
        -:   53:
        1:   54:    printf("\nNo change to victory card piles\n");
        1:   55:    printf("Province Pile\n");
        1:   56:    assertTrue(state.supplyCount[province],stateOriginal.supplyCount[province]);
        1:   57:    printf("Duchy Pile\n");
        1:   58:    assertTrue(state.supplyCount[duchy],stateOriginal.supplyCount[duchy]);
        1:   59:    printf("Estate Pile\n");
        1:   60:    assertTrue(state.supplyCount[estate],stateOriginal.supplyCount[estate]);
        -:   61:
        1:   62:    printf("\nPlayer1 was not affected\n");
        1:   63:    printf("Hand Count\n");
        1:   64:    assertTrue(state.handCount[player1],stateOriginal.handCount[player1]);
        1:   65:    printf("Deck Count\n");
        1:   66:    assertTrue(state.deckCount[player1],stateOriginal.deckCount[player1]);
        -:   67:
        1:   68:    printf("\nNo change to kingdom card piles\n");
       22:   69:    for (i = 0; i < 10; i++) {
       10:   70:        printf("checking card piles...\n");
       10:   71:        assertTrue(state.supplyCount[k[i]],stateOriginal.supplyCount[k[i]]);
       10:   72:    }
        -:   73:
        1:   74:    if (failureCount) {
        1:   75:        printf("\nTEST FAILED\n");
        1:   76:        printf("Fails: %d\n",failureCount);
        1:   77:    }
        -:   78:    else {
    #####:   79:        printf("\nTEST SUCCESSFULLY COMPLETED\n\n");
        -:   80:    }
        -:   81:
        1:   82:    return 0;
        -:   83:}
