        -:    0:Source:cardtest2.c
        -:    0:Graph:cardtest2.gcno
        -:    0:Data:cardtest2.gcda
        -:    0:Runs:1
        -:    0:Programs:1
        -:    1:#include "dominion.h"
        -:    2:#include "dominion_helpers.h"
        -:    3:#include <string.h>
        -:    4:#include <stdio.h>
        -:    5:#include <assert.h>
        -:    6:#include "rngs.h"
        -:    7:
        -:    8:// global count of test failures
        -:    9:int failureCount = 0;
        -:   10:
        -:   11:// function to check if two ints are equal or not
        -:   12:void assertTrue(int a, int b) {
       17:   13:    if (a == b) {
       15:   14:        printf("Test: PASSED\n");
       15:   15:    }
        -:   16:    else {
        2:   17:        printf("Test: FAILED\n");
        2:   18:        failureCount++;
        -:   19:    }
       17:   20:}
        -:   21:
        -:   22:// runs the tests
        -:   23:int main () {
        -:   24:    int i;
        1:   25:    int numbPlayers = 2;
        1:   26:    int player0 = 0;
        1:   27:    int player1 = 1;
        -:   28:
        1:   29:    int handpos = 0;
        1:   30:    int choice1 = 0, choice2 = 0, choice3 = 0;
        1:   31:    int bonus = 0;
        -:   32:
        -:   33:    // kingdom cards
        1:   34:    int k[10] = {adventurer, council_room, feast, gardens, mine,
        -:   35:               remodel, smithy, village, baron, great_hall};
        -:   36:
        1:   37:    int seed = 2000;
        -:   38:    struct gameState state, stateOriginal;
        -:   39:
        1:   40:    printf("Testing -> smithyCard()\n");
        1:   41:    memset(&state,23,sizeof(struct gameState));
        1:   42:    memset(&stateOriginal,23,sizeof(struct gameState));
        -:   43:
        -:   44:    // create the game state
        1:   45:    initializeGame(numbPlayers, k, seed, &state);
        -:   46:
        -:   47:    // copy it to preserve it
        1:   48:    memcpy(&stateOriginal, &state, sizeof(struct gameState));
        -:   49:
        1:   50:    cardEffect(smithy, choice1, choice2, choice3, &state, handpos, &bonus);
        -:   51:
        1:   52:    printf("\nPlayer0 gains 3 cards\n");
        1:   53:    assertTrue(state.handCount[player0],stateOriginal.handCount[player0]+2);
        -:   54:
        1:   55:    printf("\nPlayer0 gains 3 cards from his own pile\n");
        1:   56:    assertTrue(state.deckCount[player0],stateOriginal.deckCount[player0]-3);
        -:   57:
        1:   58:    printf("\nNo change to victory card piles\n");
        1:   59:    printf("Province Pile\n");
        1:   60:    assertTrue(state.supplyCount[province],stateOriginal.supplyCount[province]);
        1:   61:    printf("Duchy Pile\n");
        1:   62:    assertTrue(state.supplyCount[duchy],stateOriginal.supplyCount[duchy]);
        1:   63:    printf("Estate Pile\n");
        1:   64:    assertTrue(state.supplyCount[estate],stateOriginal.supplyCount[estate]);
        -:   65:
        1:   66:    printf("\nNo change to kingdom card piles\n");
       22:   67:    for (i = 0; i < 10; i++) {
       10:   68:        printf("checking card piles...\n");
       10:   69:        assertTrue(state.supplyCount[k[i]],stateOriginal.supplyCount[k[i]]);
       10:   70:    }
        -:   71:
        1:   72:    printf("\nPlayer1 was not affected\n");
        1:   73:    printf("Hand Count\n");
        1:   74:    assertTrue(state.handCount[player1],stateOriginal.handCount[player1]);
        1:   75:    printf("Deck Count\n");
        1:   76:    assertTrue(state.deckCount[player1],stateOriginal.deckCount[player1]);
        -:   77:
        1:   78:    if (failureCount) {
        1:   79:        printf("\nTEST FAILED\n");
        1:   80:        printf("Fails: %d\n",failureCount);
        1:   81:    }
        -:   82:    else {
    #####:   83:        printf("\nTEST SUCCESSFULLY COMPLETED\n\n");
        -:   84:    }
        -:   85:
        1:   86:    return 0;
        -:   87:}
