        -:    0:Source:randomtestadventurer.c
        -:    0:Graph:randomtestadventurer.gcno
        -:    0:Data:randomtestadventurer.gcda
        -:    0:Runs:2
        -:    0:Programs:1
        -:    1:#include "dominion.h"
        -:    2:#include "dominion_helpers.h"
        -:    3:#include "rngs.h"
        -:    4:#include <string.h>
        -:    5:#include <stdlib.h>
        -:    6:#include <assert.h>
        -:    7:#include <stdio.h>
        -:    8:#include <time.h>
        -:    9:#include <math.h>
        -:   10:
        -:   11:// fail counter variables
        -:   12:int cardEffectFails = 0;
        -:   13:int shuffleFails = 0;
        -:   14:int drawCardFails = 0;
        -:   15:int deckHandCountFails = 0;
        -:   16:int treasureCountFails = 0;
        -:   17:
        -:   18:// function to check the adventurerCard
        -:   19:void checkAdventurerCard(int p, struct gameState *post) {
    20000:   20:    int PostTreasureCount = 0;
    20000:   21:    int PreTreasureCount = 0;
        -:   22:    int temphand[MAX_HAND];
    20000:   23:    int drawntreasure = 0;
        -:   24:    // game state variable to manually act on the functions actions
        -:   25:    struct gameState pre;
        -:   26:    int cardDrawn, card;
    20000:   27:    int bonus = 0;
        -:   28:    int r,s,t,i;
    20000:   29:    int z = 0;
        -:   30:    // copy the passed in game state to pre
    20000:   31:    memcpy(&pre,post,sizeof(struct gameState));
        -:   32:
        -:   33:    // call the card effect function with the adventurerCard
    20000:   34:    r = cardEffect(adventurer,0,0,0,post,0,&bonus);
        -:   35:
        -:   36:    // check if cardeffect failed
    20000:   37:    if (r) {
    #####:   38:        cardEffectFails++;
    #####:   39:    }
        -:   40:    // execute the adventurerCard actions
  5068530:   41:    while(drawntreasure < 2) {
  2514265:   42:            if (pre.deckCount[p] < 1) {//if the deck is empty we need to shuffle discard and add to deck
    #####:   43:                    s = shuffle(p, &pre);
        -:   44:                    // check if shuffle failed
    #####:   45:                    if (s == -1 && pre.deckCount[p] >= 1) {
    #####:   46:                      shuffleFails++;
    #####:   47:                    }
    #####:   48:            }
  2514265:   49:            t = drawCard(p, &pre);
        -:   50:            // check if drawcard failed
  2514265:   51:            if (t == -1 && pre.deckCount[p] != 0) {
    #####:   52:                drawCardFails++;
    #####:   53:            }
  2514265:   54:            cardDrawn = pre.hand[p][pre.handCount[p] - 1];//top card of hand is most recently drawn card.
  7502678:   55:            if (cardDrawn == copper || cardDrawn == silver || cardDrawn == gold)
    40000:   56:                    drawntreasure++;
        -:   57:            else{
  2474265:   58:                    temphand[z] = cardDrawn;
  2474265:   59:                    pre.handCount[p]--; //this should just remove the top card (the most recently drawn one).
  2474265:   60:                    z++;
        -:   61:            }
        -:   62:    }
  4988530:   63:    while(z - 1 >= 0) {
  2474265:   64:            pre.discard[p][pre.discardCount[p]++] = temphand[z - 1]; // discard all cards in play that have been drawn
  2474265:   65:            z = z - 1;
        -:   66:    }
        -:   67:    // get the PosttreasureCount
 10178282:   68:    for (i = 0; i < post->handCount[p]; i++) {
  5069141:   69:        card = post->hand[p][i];
 15147419:   70:        if (card == copper || card == silver || card == gold) {
    60000:   71:            PostTreasureCount++;
    60000:   72:        }
  5069141:   73:    }
        -:   74:    // get the PretreasureCount
 10138282:   75:    for (i = 0; i < pre.handCount[p]; i++) {
  5049141:   76:        card = pre.hand[p][i];
 15107306:   77:        if (card == copper || card == silver || card == gold) {
    40000:   78:            PreTreasureCount++;
    40000:   79:        }
  5049141:   80:    }
        -:   81:    // check if treasures match up
    20000:   82:    if (PostTreasureCount != PreTreasureCount) {
    20000:   83:      treasureCountFails++;
    20000:   84:    }
        -:   85:
        -:   86:    // get values of hand and deck counts
    20000:   87:    int postHC = post->handCount[p];
    20000:   88:    int postDC = post->deckCount[p];
    20000:   89:    int postDCC = post->discardCount[p];
    20000:   90:    int preHC = pre.handCount[p];
    20000:   91:    int preDC = pre.deckCount[p];
    20000:   92:    int preDCC = pre.discardCount[p];
        -:   93:
        -:   94:    // check if the hand and deck counts dont match up
    20000:   95:    if (!(postHC == preHC && postDC == preDC && postDCC == preDCC)) {
    20000:   96:        deckHandCountFails++;
    20000:   97:    }
    20000:   98:}
        -:   99:
        -:  100:int main () {
        2:  101:    printf("***** RANDOM TEST *****\n");
        2:  102:    printf("File: randomtestadventurer.c\n");
        2:  103:    printf("Function: adventurerCard()\n");
        2:  104:    printf("***********************\n");
        2:  105:    int iterations = 10000;
        2:  106:    int treasures[] = {copper,silver,gold};
        -:  107:    int numTreasures;
        -:  108:    int i, n, player;
        -:  109:    struct gameState G;
        -:  110:
        -:  111:    // there has to be a min of 3 cards in the deck, hand
        2:  112:    int min = 3;
        2:  113:    srand(time(NULL));
        -:  114:
        -:  115:    // randomly initialized the game state
    40004:  116:    for (n = 0; n < iterations; n++) {
1052040000:  117:      for (i = 0; i < sizeof(struct gameState); i++) {
526000000:  118:        ((char*)&G)[i] = floor(Random() * 256);
526000000:  119:      }
        -:  120:      // randomly select appropriate values
    20000:  121:      player = floor(Random() * MAX_PLAYERS);
    20000:  122:      G.deckCount[player] = floor(Random() * ((MAX_DECK - min) + 1) + min);
    20000:  123:      numTreasures = floor(Random() * ((G.deckCount[player] - min) + 1) + min);
        -:  124:
        -:  125:      // put a min of 3 treasure cards in deck
  5127234:  126:      for (i = 0; i < numTreasures; i++) {
  2543617:  127:        G.deck[player][i] = treasures[rand() % 3];
  2543617:  128:      }
    20000:  129:      G.discardCount[player] = 0;
    20000:  130:      G.handCount[player] = floor(Random() * ((MAX_HAND - min) + 1) + min);
        -:  131:      //G.playedCardCount = floor(Random() * ((MAX_DECK - 1 - min) + 1) + min);
    20000:  132:      G.whoseTurn = player;
        -:  133:
        -:  134:      // call the check function
    20000:  135:      checkAdventurerCard(player, &G);
    20000:  136:    }
        6:  137:    int totalFails = cardEffectFails + drawCardFails + shuffleFails +
        4:  138:                    deckHandCountFails + treasureCountFails;
        -:  139:
        2:  140:    if (iterations - totalFails <= 0) {
        2:  141:      printf("\n***** RESULTS *****\n");
        2:  142:      printf("PASSED TESTS: %d\n",0);
        2:  143:      printf("FAILED TESTS: %d\n",iterations);
        2:  144:    }
        -:  145:    else {
    #####:  146:      printf("\n***** RESULTS *****\n");
    #####:  147:      printf("PASSED TESTS: %d\n",iterations - totalFails);
    #####:  148:      printf("FAILED TESTS: %d\n",totalFails);
        -:  149:    }
        -:  150:
        2:  151:    if (totalFails == 0) {
    #####:  152:        printf ("***** PASSED RANDOM TEST *****\n\n");
    #####:  153:    }
        -:  154:    else {
        2:  155:        printf("\n***** FAILURE REPORT *****\n");
        2:  156:        printf("shuffle() failed: %d\n",shuffleFails);
        2:  157:        printf("drawCard() failed: %d\n",drawCardFails);
        2:  158:        printf("cardEffect() failed: %d\n",cardEffectFails);
        2:  159:        printf("Treasure Count mismatch: %d\n",treasureCountFails);
        2:  160:        printf("Hand/Deck Count mismatch: %d\n",deckHandCountFails);
        2:  161:        printf ("***** FAILED RANDOM TEST *****\n\n");
        -:  162:    }
        2:  163:    printf ("****** COVERAGE ******\n");
        2:  164:    return 0;
        -:  165:}
